warning: GET en /api/users/fakeruser - at 21/5/2024 - 12:44:05
error: GET en /api/users/fakeruser - at 21/5/2024 - 12:44:05
warning: POST en /api/users/register - at 21/5/2024 - 12:44:05
error: POST en /api/users/register - at 21/5/2024 - 12:44:05
warning: GET en /api/users/fakeruser - at 21/5/2024 - 12:44:05
error: GET en /api/users/fakeruser - at 21/5/2024 - 12:44:05
warning: POST en /api/users/register - at 21/5/2024 - 12:44:05
error: POST en /api/users/register - at 21/5/2024 - 12:44:05
warning: GET en /api/users/fakeruser - at 21/5/2024 - 12:44:06
error: GET en /api/users/fakeruser - at 21/5/2024 - 12:44:06
warning: GET en /api/users/fakeruser - at 21/5/2024 - 12:44:06
error: GET en /api/users/fakeruser - at 21/5/2024 - 12:44:06
warning: POST en /api/users/register - at 21/5/2024 - 12:44:06
error: POST en /api/users/register - at 21/5/2024 - 12:44:06
warning: POST en /api/users/register - at 21/5/2024 - 12:44:06
error: POST en /api/users/register - at 21/5/2024 - 12:44:06
warning: GET en /api/users/fakeruser - at 21/5/2024 - 12:44:06
error: GET en /api/users/fakeruser - at 21/5/2024 - 12:44:06
warning: POST en /api/users/register - at 21/5/2024 - 12:44:06
error: POST en /api/users/register - at 21/5/2024 - 12:44:06
warning: GET en /api/users/fakeruser - at 21/5/2024 - 12:44:06
error: GET en /api/users/fakeruser - at 21/5/2024 - 12:44:06
warning: POST en /api/users/register - at 21/5/2024 - 12:44:06
error: POST en /api/users/register - at 21/5/2024 - 12:44:06
warning: GET en /api/users/fakeruser - at 21/5/2024 - 12:44:06
error: GET en /api/users/fakeruser - at 21/5/2024 - 12:44:06
warning: POST en /api/users/register - at 21/5/2024 - 12:44:06
error: POST en /api/users/register - at 21/5/2024 - 12:44:06
warning: GET en /api/users/fakeruser - at 21/5/2024 - 12:44:06
error: GET en /api/users/fakeruser - at 21/5/2024 - 12:44:06
warning: GET en /api/users/fakeruser - at 21/5/2024 - 12:44:06
error: GET en /api/users/fakeruser - at 21/5/2024 - 12:44:06
warning: POST en /api/users/register - at 21/5/2024 - 12:44:06
error: POST en /api/users/register - at 21/5/2024 - 12:44:06
warning: POST en /api/users/register - at 21/5/2024 - 12:44:06
error: POST en /api/users/register - at 21/5/2024 - 12:44:06
warning: GET en /api/users/fakeruser - at 21/5/2024 - 12:44:06
error: GET en /api/users/fakeruser - at 21/5/2024 - 12:44:06
warning: POST en /api/users/register - at 21/5/2024 - 12:44:06
error: POST en /api/users/register - at 21/5/2024 - 12:44:06
warning: GET en /api/users/fakeruser - at 21/5/2024 - 12:44:06
error: GET en /api/users/fakeruser - at 21/5/2024 - 12:44:06
warning: POST en /api/users/register - at 21/5/2024 - 12:44:06
error: POST en /api/users/register - at 21/5/2024 - 12:44:06
warning: GET en /api/users/fakeruser - at 21/5/2024 - 12:44:06
error: GET en /api/users/fakeruser - at 21/5/2024 - 12:44:06
warning: POST en /api/users/register - at 21/5/2024 - 12:44:06
error: POST en /api/users/register - at 21/5/2024 - 12:44:06
warning: GET en /api/users/fakeruser - at 21/5/2024 - 12:44:06
error: GET en /api/users/fakeruser - at 21/5/2024 - 12:44:06
warning: POST en /api/users/register - at 21/5/2024 - 12:44:06
error: POST en /api/users/register - at 21/5/2024 - 12:44:06
warning: GET en /api/users/fakeruser - at 21/5/2024 - 12:44:07
error: GET en /api/users/fakeruser - at 21/5/2024 - 12:44:07
warning: GET en /api/users/fakeruser - at 21/5/2024 - 12:44:07
error: GET en /api/users/fakeruser - at 21/5/2024 - 12:44:07
warning: POST en /api/users/register - at 21/5/2024 - 12:44:07
error: POST en /api/users/register - at 21/5/2024 - 12:44:07
warning: POST en /api/users/register - at 21/5/2024 - 12:44:07
error: POST en /api/users/register - at 21/5/2024 - 12:44:07
warning: GET en /api/users/fakeruser - at 21/5/2024 - 12:44:07
error: GET en /api/users/fakeruser - at 21/5/2024 - 12:44:07
warning: POST en /api/users/register - at 21/5/2024 - 12:44:07
error: POST en /api/users/register - at 21/5/2024 - 12:44:07
warning: GET en /api/users/fakeruser - at 21/5/2024 - 12:44:07
error: GET en /api/users/fakeruser - at 21/5/2024 - 12:44:07
warning: GET en /api/users/fakeruser - at 21/5/2024 - 12:44:07
error: GET en /api/users/fakeruser - at 21/5/2024 - 12:44:07
warning: GET en /api/users/fakeruser - at 21/5/2024 - 12:44:07
error: GET en /api/users/fakeruser - at 21/5/2024 - 12:44:07
warning: POST en /api/users/register - at 21/5/2024 - 12:44:07
error: POST en /api/users/register - at 21/5/2024 - 12:44:07
warning: POST en /api/users/register - at 21/5/2024 - 12:44:07
error: POST en /api/users/register - at 21/5/2024 - 12:44:07
warning: POST en /api/users/register - at 21/5/2024 - 12:44:07
error: POST en /api/users/register - at 21/5/2024 - 12:44:07
warning: GET en /api/users/fakeruser - at 21/5/2024 - 12:44:07
error: GET en /api/users/fakeruser - at 21/5/2024 - 12:44:07
warning: POST en /api/users/register - at 21/5/2024 - 12:44:07
error: POST en /api/users/register - at 21/5/2024 - 12:44:07
warning: GET en /api/users/fakeruser - at 21/5/2024 - 12:44:07
error: GET en /api/users/fakeruser - at 21/5/2024 - 12:44:07
warning: POST en /api/users/register - at 21/5/2024 - 12:44:07
error: POST en /api/users/register - at 21/5/2024 - 12:44:07
warning: GET en /api/users/fakeruser - at 21/5/2024 - 12:44:07
error: GET en /api/users/fakeruser - at 21/5/2024 - 12:44:07
warning: POST en /api/users/register - at 21/5/2024 - 12:44:07
error: POST en /api/users/register - at 21/5/2024 - 12:44:07
warning: GET en /api/users/fakeruser - at 21/5/2024 - 12:44:07
error: GET en /api/users/fakeruser - at 21/5/2024 - 12:44:07
warning: POST en /api/users/register - at 21/5/2024 - 12:44:07
error: POST en /api/users/register - at 21/5/2024 - 12:44:07
warning: GET en /api/users/fakeruser - at 21/5/2024 - 12:44:08
error: GET en /api/users/fakeruser - at 21/5/2024 - 12:44:08
warning: GET en /api/users/fakeruser - at 21/5/2024 - 12:44:08
error: GET en /api/users/fakeruser - at 21/5/2024 - 12:44:08
warning: POST en /api/users/register - at 21/5/2024 - 12:44:08
error: POST en /api/users/register - at 21/5/2024 - 12:44:08
warning: POST en /api/users/register - at 21/5/2024 - 12:44:08
error: POST en /api/users/register - at 21/5/2024 - 12:44:08
warning: GET en /api/users/fakeruser - at 21/5/2024 - 12:44:08
error: GET en /api/users/fakeruser - at 21/5/2024 - 12:44:08
warning: POST en /api/users/register - at 21/5/2024 - 12:44:08
error: POST en /api/users/register - at 21/5/2024 - 12:44:08
warning: POST en /api/users/login - at 21/5/2024 - 12:44:08
error: POST en /api/users/login - at 21/5/2024 - 12:44:08
warning: POST en /api/users/login - at 21/5/2024 - 12:44:08
error: POST en /api/users/login - at 21/5/2024 - 12:44:08
warning: GET en /api/users/fakeruser - at 21/5/2024 - 12:44:08
error: GET en /api/users/fakeruser - at 21/5/2024 - 12:44:08
warning: GET en /api/users/fakeruser - at 21/5/2024 - 12:44:08
error: GET en /api/users/fakeruser - at 21/5/2024 - 12:44:08
warning: GET en /api/users/fakeruser - at 21/5/2024 - 12:44:08
error: GET en /api/users/fakeruser - at 21/5/2024 - 12:44:08
warning: POST en /api/users/register - at 21/5/2024 - 12:44:08
error: POST en /api/users/register - at 21/5/2024 - 12:44:08
warning: POST en /api/users/register - at 21/5/2024 - 12:44:08
error: POST en /api/users/register - at 21/5/2024 - 12:44:08
warning: POST en /api/users/register - at 21/5/2024 - 12:44:08
error: POST en /api/users/register - at 21/5/2024 - 12:44:08
warning: POST en /api/users/login - at 21/5/2024 - 12:44:08
error: POST en /api/users/login - at 21/5/2024 - 12:44:08
warning: GET en /api/users/fakeruser - at 21/5/2024 - 12:44:08
error: GET en /api/users/fakeruser - at 21/5/2024 - 12:44:08
warning: POST en /api/users/register - at 21/5/2024 - 12:44:08
error: POST en /api/users/register - at 21/5/2024 - 12:44:08
warning: POST en /api/users/login - at 21/5/2024 - 12:44:08
error: POST en /api/users/login - at 21/5/2024 - 12:44:08
warning: POST en /api/users/login - at 21/5/2024 - 12:44:08
error: POST en /api/users/login - at 21/5/2024 - 12:44:08
warning: GET en /api/users/fakeruser - at 21/5/2024 - 12:44:08
error: GET en /api/users/fakeruser - at 21/5/2024 - 12:44:08
warning: POST en /api/users/register - at 21/5/2024 - 12:44:08
error: POST en /api/users/register - at 21/5/2024 - 12:44:08
warning: POST en /api/users/login - at 21/5/2024 - 12:44:08
error: POST en /api/users/login - at 21/5/2024 - 12:44:08
warning: POST en /api/users/login - at 21/5/2024 - 12:44:08
error: POST en /api/users/login - at 21/5/2024 - 12:44:08
warning: POST en /api/users/login - at 21/5/2024 - 12:44:09
error: POST en /api/users/login - at 21/5/2024 - 12:44:09
warning: POST en /api/users/login - at 21/5/2024 - 12:44:09
error: POST en /api/users/login - at 21/5/2024 - 12:44:09
warning: POST en /api/users/login - at 21/5/2024 - 12:44:09
error: POST en /api/users/login - at 21/5/2024 - 12:44:09
warning: GET en /api/users/fakeruser - at 21/5/2024 - 12:44:09
error: GET en /api/users/fakeruser - at 21/5/2024 - 12:44:09
warning: GET en /api/users/fakeruser - at 21/5/2024 - 12:44:09
error: GET en /api/users/fakeruser - at 21/5/2024 - 12:44:09
warning: GET en /api/users/fakeruser - at 21/5/2024 - 12:44:09
error: GET en /api/users/fakeruser - at 21/5/2024 - 12:44:09
warning: GET en /api/users/fakeruser - at 21/5/2024 - 12:44:09
error: GET en /api/users/fakeruser - at 21/5/2024 - 12:44:09
warning: GET en /api/users/fakeruser - at 21/5/2024 - 12:44:09
error: GET en /api/users/fakeruser - at 21/5/2024 - 12:44:09
warning: POST en /api/users/register - at 21/5/2024 - 12:44:09
error: POST en /api/users/register - at 21/5/2024 - 12:44:09
warning: POST en /api/users/register - at 21/5/2024 - 12:44:09
error: POST en /api/users/register - at 21/5/2024 - 12:44:09
warning: POST en /api/users/register - at 21/5/2024 - 12:44:09
error: POST en /api/users/register - at 21/5/2024 - 12:44:09
warning: POST en /api/users/register - at 21/5/2024 - 12:44:09
error: POST en /api/users/register - at 21/5/2024 - 12:44:09
warning: POST en /api/users/register - at 21/5/2024 - 12:44:09
error: POST en /api/users/register - at 21/5/2024 - 12:44:09
warning: GET en /api/users/fakeruser - at 21/5/2024 - 12:44:09
error: GET en /api/users/fakeruser - at 21/5/2024 - 12:44:09
warning: POST en /api/users/register - at 21/5/2024 - 12:44:09
error: POST en /api/users/register - at 21/5/2024 - 12:44:09
warning: POST en /api/users/login - at 21/5/2024 - 12:44:09
error: POST en /api/users/login - at 21/5/2024 - 12:44:09
warning: POST en /api/users/login - at 21/5/2024 - 12:44:09
error: POST en /api/users/login - at 21/5/2024 - 12:44:09
warning: POST en /api/users/login - at 21/5/2024 - 12:44:09
error: POST en /api/users/login - at 21/5/2024 - 12:44:09
warning: GET en /api/users/fakeruser - at 21/5/2024 - 12:44:09
error: GET en /api/users/fakeruser - at 21/5/2024 - 12:44:09
warning: POST en /api/users/login - at 21/5/2024 - 12:44:09
error: POST en /api/users/login - at 21/5/2024 - 12:44:09
warning: POST en /api/users/login - at 21/5/2024 - 12:44:09
error: POST en /api/users/login - at 21/5/2024 - 12:44:09
warning: POST en /api/users/login - at 21/5/2024 - 12:44:09
error: POST en /api/users/login - at 21/5/2024 - 12:44:09
warning: POST en /api/users/login - at 21/5/2024 - 12:44:09
error: POST en /api/users/login - at 21/5/2024 - 12:44:09
warning: GET en /api/users/fakeruser - at 21/5/2024 - 12:44:09
error: GET en /api/users/fakeruser - at 21/5/2024 - 12:44:09
warning: GET en /api/users/fakeruser - at 21/5/2024 - 12:44:09
error: GET en /api/users/fakeruser - at 21/5/2024 - 12:44:09
warning: POST en /api/users/register - at 21/5/2024 - 12:44:09
error: POST en /api/users/register - at 21/5/2024 - 12:44:09
warning: POST en /api/users/register - at 21/5/2024 - 12:44:09
error: POST en /api/users/register - at 21/5/2024 - 12:44:09
warning: POST en /api/users/register - at 21/5/2024 - 12:44:09
error: POST en /api/users/register - at 21/5/2024 - 12:44:09
warning: POST en /api/users/login - at 21/5/2024 - 12:44:09
error: POST en /api/users/login - at 21/5/2024 - 12:44:09
warning: POST en /api/users/login - at 21/5/2024 - 12:44:09
error: POST en /api/users/login - at 21/5/2024 - 12:44:09
warning: POST en /api/users/login - at 21/5/2024 - 12:44:09
error: POST en /api/users/login - at 21/5/2024 - 12:44:09
warning: GET en /api/users/fakeruser - at 21/5/2024 - 12:44:10
error: GET en /api/users/fakeruser - at 21/5/2024 - 12:44:10
warning: POST en /api/users/login - at 21/5/2024 - 12:44:10
error: POST en /api/users/login - at 21/5/2024 - 12:44:10
warning: POST en /api/users/login - at 21/5/2024 - 12:44:10
error: POST en /api/users/login - at 21/5/2024 - 12:44:10
warning: GET en /api/users/fakeruser - at 21/5/2024 - 12:44:10
error: GET en /api/users/fakeruser - at 21/5/2024 - 12:44:10
warning: GET en /api/users/fakeruser - at 21/5/2024 - 12:44:10
error: GET en /api/users/fakeruser - at 21/5/2024 - 12:44:10
warning: GET en /api/users/fakeruser - at 21/5/2024 - 12:44:10
error: GET en /api/users/fakeruser - at 21/5/2024 - 12:44:10
warning: GET en /api/users/fakeruser - at 21/5/2024 - 12:44:10
error: GET en /api/users/fakeruser - at 21/5/2024 - 12:44:10
warning: GET en /api/users/fakeruser - at 21/5/2024 - 12:44:10
error: GET en /api/users/fakeruser - at 21/5/2024 - 12:44:10
warning: GET en /api/users/fakeruser - at 21/5/2024 - 12:44:10
error: GET en /api/users/fakeruser - at 21/5/2024 - 12:44:10
warning: GET en /api/users/fakeruser - at 21/5/2024 - 12:44:10
error: GET en /api/users/fakeruser - at 21/5/2024 - 12:44:10
warning: GET en /api/users/fakeruser - at 21/5/2024 - 12:44:10
error: GET en /api/users/fakeruser - at 21/5/2024 - 12:44:10
warning: POST en /api/users/register - at 21/5/2024 - 12:44:10
error: POST en /api/users/register - at 21/5/2024 - 12:44:10
warning: POST en /api/users/login - at 21/5/2024 - 12:44:10
error: POST en /api/users/login - at 21/5/2024 - 12:44:10
warning: GET en /api/users/fakeruser - at 21/5/2024 - 12:44:10
error: GET en /api/users/fakeruser - at 21/5/2024 - 12:44:10
warning: POST en /api/users/register - at 21/5/2024 - 12:44:10
error: POST en /api/users/register - at 21/5/2024 - 12:44:10
warning: POST en /api/users/register - at 21/5/2024 - 12:44:10
error: POST en /api/users/register - at 21/5/2024 - 12:44:10
warning: POST en /api/users/register - at 21/5/2024 - 12:44:10
error: POST en /api/users/register - at 21/5/2024 - 12:44:10
warning: POST en /api/users/register - at 21/5/2024 - 12:44:10
error: POST en /api/users/register - at 21/5/2024 - 12:44:10
warning: POST en /api/users/register - at 21/5/2024 - 12:44:10
error: POST en /api/users/register - at 21/5/2024 - 12:44:10
warning: POST en /api/users/register - at 21/5/2024 - 12:44:10
error: POST en /api/users/register - at 21/5/2024 - 12:44:10
warning: POST en /api/users/register - at 21/5/2024 - 12:44:10
error: POST en /api/users/register - at 21/5/2024 - 12:44:10
warning: POST en /api/users/register - at 21/5/2024 - 12:44:10
error: POST en /api/users/register - at 21/5/2024 - 12:44:10
warning: POST en /api/users/login - at 21/5/2024 - 12:44:10
error: POST en /api/users/login - at 21/5/2024 - 12:44:10
warning: POST en /api/users/login - at 21/5/2024 - 12:44:10
error: POST en /api/users/login - at 21/5/2024 - 12:44:10
warning: POST en /api/users/register - at 21/5/2024 - 12:44:10
error: POST en /api/users/register - at 21/5/2024 - 12:44:10
warning: POST en /api/users/login - at 21/5/2024 - 12:44:10
error: POST en /api/users/login - at 21/5/2024 - 12:44:10
warning: POST en /api/users/login - at 21/5/2024 - 12:44:11
error: POST en /api/users/login - at 21/5/2024 - 12:44:11
warning: POST en /api/users/login - at 21/5/2024 - 12:44:11
error: POST en /api/users/login - at 21/5/2024 - 12:44:11
warning: GET en /api/users/fakeruser - at 21/5/2024 - 12:44:11
error: GET en /api/users/fakeruser - at 21/5/2024 - 12:44:11
warning: GET en /api/users/fakeruser - at 21/5/2024 - 12:44:11
error: GET en /api/users/fakeruser - at 21/5/2024 - 12:44:11
warning: GET en /api/users/fakeruser - at 21/5/2024 - 12:44:11
error: GET en /api/users/fakeruser - at 21/5/2024 - 12:44:11
warning: GET en /api/users/fakeruser - at 21/5/2024 - 12:44:11
error: GET en /api/users/fakeruser - at 21/5/2024 - 12:44:11
warning: GET en /api/users/fakeruser - at 21/5/2024 - 12:44:11
error: GET en /api/users/fakeruser - at 21/5/2024 - 12:44:11
warning: GET en /api/users/fakeruser - at 21/5/2024 - 12:44:11
error: GET en /api/users/fakeruser - at 21/5/2024 - 12:44:11
warning: GET en /api/users/fakeruser - at 21/5/2024 - 12:44:11
error: GET en /api/users/fakeruser - at 21/5/2024 - 12:44:11
warning: GET en /api/users/fakeruser - at 21/5/2024 - 12:44:11
error: GET en /api/users/fakeruser - at 21/5/2024 - 12:44:11
warning: GET en /api/users/fakeruser - at 21/5/2024 - 12:44:11
error: GET en /api/users/fakeruser - at 21/5/2024 - 12:44:11
warning: GET en /api/users/fakeruser - at 21/5/2024 - 12:44:11
error: GET en /api/users/fakeruser - at 21/5/2024 - 12:44:11
warning: POST en /api/users/register - at 21/5/2024 - 12:44:11
error: POST en /api/users/register - at 21/5/2024 - 12:44:11
warning: POST en /api/users/register - at 21/5/2024 - 12:44:11
error: POST en /api/users/register - at 21/5/2024 - 12:44:11
warning: POST en /api/users/register - at 21/5/2024 - 12:44:11
error: POST en /api/users/register - at 21/5/2024 - 12:44:11
warning: POST en /api/users/register - at 21/5/2024 - 12:44:11
error: POST en /api/users/register - at 21/5/2024 - 12:44:11
warning: POST en /api/users/register - at 21/5/2024 - 12:44:11
error: POST en /api/users/register - at 21/5/2024 - 12:44:11
warning: POST en /api/users/register - at 21/5/2024 - 12:44:11
error: POST en /api/users/register - at 21/5/2024 - 12:44:11
warning: POST en /api/users/register - at 21/5/2024 - 12:44:11
error: POST en /api/users/register - at 21/5/2024 - 12:44:11
warning: POST en /api/users/register - at 21/5/2024 - 12:44:11
error: POST en /api/users/register - at 21/5/2024 - 12:44:11
warning: POST en /api/users/register - at 21/5/2024 - 12:44:11
error: POST en /api/users/register - at 21/5/2024 - 12:44:11
warning: POST en /api/users/register - at 21/5/2024 - 12:44:11
error: POST en /api/users/register - at 21/5/2024 - 12:44:11
warning: POST en /api/users/login - at 21/5/2024 - 12:44:11
error: POST en /api/users/login - at 21/5/2024 - 12:44:11
warning: POST en /api/users/login - at 21/5/2024 - 12:44:11
error: POST en /api/users/login - at 21/5/2024 - 12:44:11
warning: GET en /api/users/fakeruser - at 21/5/2024 - 12:44:12
error: GET en /api/users/fakeruser - at 21/5/2024 - 12:44:12
warning: GET en /api/users/fakeruser - at 21/5/2024 - 12:44:12
error: GET en /api/users/fakeruser - at 21/5/2024 - 12:44:12
warning: GET en /api/users/fakeruser - at 21/5/2024 - 12:44:12
error: GET en /api/users/fakeruser - at 21/5/2024 - 12:44:12
warning: GET en /api/users/fakeruser - at 21/5/2024 - 12:44:12
error: GET en /api/users/fakeruser - at 21/5/2024 - 12:44:12
warning: GET en /api/users/fakeruser - at 21/5/2024 - 12:44:12
error: GET en /api/users/fakeruser - at 21/5/2024 - 12:44:12
warning: GET en /api/users/fakeruser - at 21/5/2024 - 12:44:12
error: GET en /api/users/fakeruser - at 21/5/2024 - 12:44:12
warning: GET en /api/users/fakeruser - at 21/5/2024 - 12:44:12
error: GET en /api/users/fakeruser - at 21/5/2024 - 12:44:12
warning: GET en /api/users/fakeruser - at 21/5/2024 - 12:44:12
error: GET en /api/users/fakeruser - at 21/5/2024 - 12:44:12
warning: POST en /api/users/register - at 21/5/2024 - 12:44:12
error: POST en /api/users/register - at 21/5/2024 - 12:44:12
warning: POST en /api/users/login - at 21/5/2024 - 12:44:12
error: POST en /api/users/login - at 21/5/2024 - 12:44:12
warning: POST en /api/users/login - at 21/5/2024 - 12:44:12
error: POST en /api/users/login - at 21/5/2024 - 12:44:12
warning: POST en /api/users/login - at 21/5/2024 - 12:44:12
error: POST en /api/users/login - at 21/5/2024 - 12:44:12
warning: POST en /api/users/login - at 21/5/2024 - 12:44:12
error: POST en /api/users/login - at 21/5/2024 - 12:44:12
warning: GET en /api/users/fakeruser - at 21/5/2024 - 12:44:12
error: GET en /api/users/fakeruser - at 21/5/2024 - 12:44:12
warning: GET en /api/users/fakeruser - at 21/5/2024 - 12:44:12
error: GET en /api/users/fakeruser - at 21/5/2024 - 12:44:12
warning: POST en /api/users/register - at 21/5/2024 - 12:44:12
error: POST en /api/users/register - at 21/5/2024 - 12:44:12
warning: POST en /api/users/register - at 21/5/2024 - 12:44:12
error: POST en /api/users/register - at 21/5/2024 - 12:44:12
warning: POST en /api/users/register - at 21/5/2024 - 12:44:12
error: POST en /api/users/register - at 21/5/2024 - 12:44:12
warning: POST en /api/users/register - at 21/5/2024 - 12:44:12
error: POST en /api/users/register - at 21/5/2024 - 12:44:12
warning: POST en /api/users/register - at 21/5/2024 - 12:44:12
error: POST en /api/users/register - at 21/5/2024 - 12:44:12
warning: POST en /api/users/register - at 21/5/2024 - 12:44:12
error: POST en /api/users/register - at 21/5/2024 - 12:44:12
warning: POST en /api/users/register - at 21/5/2024 - 12:44:12
error: POST en /api/users/register - at 21/5/2024 - 12:44:12
warning: POST en /api/users/register - at 21/5/2024 - 12:44:12
error: POST en /api/users/register - at 21/5/2024 - 12:44:12
warning: POST en /api/users/register - at 21/5/2024 - 12:44:12
error: POST en /api/users/register - at 21/5/2024 - 12:44:12
warning: POST en /api/users/login - at 21/5/2024 - 12:44:12
error: POST en /api/users/login - at 21/5/2024 - 12:44:12
warning: POST en /api/users/login - at 21/5/2024 - 12:44:13
error: POST en /api/users/login - at 21/5/2024 - 12:44:13
warning: POST en /api/users/login - at 21/5/2024 - 12:44:13
error: POST en /api/users/login - at 21/5/2024 - 12:44:13
warning: POST en /api/users/login - at 21/5/2024 - 12:44:13
error: POST en /api/users/login - at 21/5/2024 - 12:44:13
warning: GET en /api/users/fakeruser - at 21/5/2024 - 12:44:13
error: GET en /api/users/fakeruser - at 21/5/2024 - 12:44:13
warning: GET en /api/users/fakeruser - at 21/5/2024 - 12:44:13
error: GET en /api/users/fakeruser - at 21/5/2024 - 12:44:13
warning: GET en /api/users/fakeruser - at 21/5/2024 - 12:44:13
error: GET en /api/users/fakeruser - at 21/5/2024 - 12:44:13
warning: GET en /api/users/fakeruser - at 21/5/2024 - 12:44:13
error: GET en /api/users/fakeruser - at 21/5/2024 - 12:44:13
warning: GET en /api/users/fakeruser - at 21/5/2024 - 12:44:13
error: GET en /api/users/fakeruser - at 21/5/2024 - 12:44:13
warning: GET en /api/users/fakeruser - at 21/5/2024 - 12:44:13
error: GET en /api/users/fakeruser - at 21/5/2024 - 12:44:13
warning: GET en /api/users/fakeruser - at 21/5/2024 - 12:44:13
error: GET en /api/users/fakeruser - at 21/5/2024 - 12:44:13
warning: GET en /api/users/fakeruser - at 21/5/2024 - 12:44:13
error: GET en /api/users/fakeruser - at 21/5/2024 - 12:44:13
warning: GET en /api/users/fakeruser - at 21/5/2024 - 12:44:13
error: GET en /api/users/fakeruser - at 21/5/2024 - 12:44:13
warning: POST en /api/users/register - at 21/5/2024 - 12:44:13
error: POST en /api/users/register - at 21/5/2024 - 12:44:13
warning: POST en /api/users/register - at 21/5/2024 - 12:44:13
error: POST en /api/users/register - at 21/5/2024 - 12:44:13
warning: POST en /api/users/register - at 21/5/2024 - 12:44:13
error: POST en /api/users/register - at 21/5/2024 - 12:44:13
warning: POST en /api/users/register - at 21/5/2024 - 12:44:13
error: POST en /api/users/register - at 21/5/2024 - 12:44:13
warning: GET en /api/users/fakeruser - at 21/5/2024 - 12:44:13
error: GET en /api/users/fakeruser - at 21/5/2024 - 12:44:13
warning: POST en /api/users/register - at 21/5/2024 - 12:44:13
error: POST en /api/users/register - at 21/5/2024 - 12:44:13
warning: POST en /api/users/register - at 21/5/2024 - 12:44:13
error: POST en /api/users/register - at 21/5/2024 - 12:44:13
warning: POST en /api/users/register - at 21/5/2024 - 12:44:13
error: POST en /api/users/register - at 21/5/2024 - 12:44:13
warning: POST en /api/users/register - at 21/5/2024 - 12:44:13
error: POST en /api/users/register - at 21/5/2024 - 12:44:13
warning: POST en /api/users/register - at 21/5/2024 - 12:44:13
error: POST en /api/users/register - at 21/5/2024 - 12:44:13
warning: POST en /api/users/register - at 21/5/2024 - 12:44:13
error: POST en /api/users/register - at 21/5/2024 - 12:44:13
warning: POST en /api/users/login - at 21/5/2024 - 12:44:14
error: POST en /api/users/login - at 21/5/2024 - 12:44:14
warning: POST en /api/users/login - at 21/5/2024 - 12:44:14
error: POST en /api/users/login - at 21/5/2024 - 12:44:14
warning: POST en /api/users/login - at 21/5/2024 - 12:44:14
error: POST en /api/users/login - at 21/5/2024 - 12:44:14
warning: POST en /api/users/login - at 21/5/2024 - 12:44:14
error: POST en /api/users/login - at 21/5/2024 - 12:44:14
warning: POST en /api/users/login - at 21/5/2024 - 12:44:14
error: POST en /api/users/login - at 21/5/2024 - 12:44:14
warning: POST en /api/users/login - at 21/5/2024 - 12:44:14
error: POST en /api/users/login - at 21/5/2024 - 12:44:14
warning: POST en /api/users/login - at 21/5/2024 - 12:44:14
error: POST en /api/users/login - at 21/5/2024 - 12:44:14
warning: POST en /api/users/login - at 21/5/2024 - 12:44:14
error: POST en /api/users/login - at 21/5/2024 - 12:44:14
warning: GET en /api/users/fakeruser - at 21/5/2024 - 12:44:14
error: GET en /api/users/fakeruser - at 21/5/2024 - 12:44:14
warning: GET en /api/users/fakeruser - at 21/5/2024 - 12:44:14
error: GET en /api/users/fakeruser - at 21/5/2024 - 12:44:14
warning: GET en /api/users/fakeruser - at 21/5/2024 - 12:44:14
error: GET en /api/users/fakeruser - at 21/5/2024 - 12:44:14
warning: GET en /api/users/fakeruser - at 21/5/2024 - 12:44:14
error: GET en /api/users/fakeruser - at 21/5/2024 - 12:44:14
warning: GET en /api/users/fakeruser - at 21/5/2024 - 12:44:14
error: GET en /api/users/fakeruser - at 21/5/2024 - 12:44:14
warning: GET en /api/users/fakeruser - at 21/5/2024 - 12:44:14
error: GET en /api/users/fakeruser - at 21/5/2024 - 12:44:14
warning: POST en /api/users/register - at 21/5/2024 - 12:44:14
error: POST en /api/users/register - at 21/5/2024 - 12:44:14
warning: POST en /api/users/register - at 21/5/2024 - 12:44:14
error: POST en /api/users/register - at 21/5/2024 - 12:44:14
warning: POST en /api/users/register - at 21/5/2024 - 12:44:14
error: POST en /api/users/register - at 21/5/2024 - 12:44:14
warning: GET en /api/users/fakeruser - at 21/5/2024 - 12:44:14
error: GET en /api/users/fakeruser - at 21/5/2024 - 12:44:14
warning: POST en /api/users/register - at 21/5/2024 - 12:44:14
error: POST en /api/users/register - at 21/5/2024 - 12:44:14
warning: POST en /api/users/register - at 21/5/2024 - 12:44:14
error: POST en /api/users/register - at 21/5/2024 - 12:44:14
warning: POST en /api/users/register - at 21/5/2024 - 12:44:14
error: POST en /api/users/register - at 21/5/2024 - 12:44:14
warning: POST en /api/users/register - at 21/5/2024 - 12:44:14
error: POST en /api/users/register - at 21/5/2024 - 12:44:14
warning: POST en /api/users/login - at 21/5/2024 - 12:44:14
error: POST en /api/users/login - at 21/5/2024 - 12:44:14
warning: POST en /api/users/login - at 21/5/2024 - 12:44:14
error: POST en /api/users/login - at 21/5/2024 - 12:44:14
warning: POST en /api/users/login - at 21/5/2024 - 12:44:14
error: POST en /api/users/login - at 21/5/2024 - 12:44:14
warning: POST en /api/users/login - at 21/5/2024 - 12:44:15
error: POST en /api/users/login - at 21/5/2024 - 12:44:15
warning: POST en /api/users/login - at 21/5/2024 - 12:44:15
error: POST en /api/users/login - at 21/5/2024 - 12:44:15
warning: POST en /api/users/login - at 21/5/2024 - 12:44:15
error: POST en /api/users/login - at 21/5/2024 - 12:44:15
warning: GET en /api/users/fakeruser - at 21/5/2024 - 12:44:15
error: GET en /api/users/fakeruser - at 21/5/2024 - 12:44:15
warning: GET en /api/users/fakeruser - at 21/5/2024 - 12:44:15
error: GET en /api/users/fakeruser - at 21/5/2024 - 12:44:15
warning: GET en /api/users/fakeruser - at 21/5/2024 - 12:44:15
error: GET en /api/users/fakeruser - at 21/5/2024 - 12:44:15
warning: GET en /api/users/fakeruser - at 21/5/2024 - 12:44:15
error: GET en /api/users/fakeruser - at 21/5/2024 - 12:44:15
warning: GET en /api/users/fakeruser - at 21/5/2024 - 12:44:15
error: GET en /api/users/fakeruser - at 21/5/2024 - 12:44:15
warning: GET en /api/users/fakeruser - at 21/5/2024 - 12:44:15
error: GET en /api/users/fakeruser - at 21/5/2024 - 12:44:15
warning: POST en /api/users/register - at 21/5/2024 - 12:44:15
error: POST en /api/users/register - at 21/5/2024 - 12:44:15
warning: POST en /api/users/register - at 21/5/2024 - 12:44:15
error: POST en /api/users/register - at 21/5/2024 - 12:44:15
warning: POST en /api/users/register - at 21/5/2024 - 12:44:15
error: POST en /api/users/register - at 21/5/2024 - 12:44:15
warning: GET en /api/users/fakeruser - at 21/5/2024 - 12:44:15
error: GET en /api/users/fakeruser - at 21/5/2024 - 12:44:15
warning: GET en /api/users/fakeruser - at 21/5/2024 - 12:44:15
error: GET en /api/users/fakeruser - at 21/5/2024 - 12:44:15
warning: POST en /api/users/register - at 21/5/2024 - 12:44:15
error: POST en /api/users/register - at 21/5/2024 - 12:44:15
warning: POST en /api/users/register - at 21/5/2024 - 12:44:15
error: POST en /api/users/register - at 21/5/2024 - 12:44:15
warning: POST en /api/users/register - at 21/5/2024 - 12:44:15
error: POST en /api/users/register - at 21/5/2024 - 12:44:15
warning: GET en /api/users/fakeruser - at 21/5/2024 - 12:44:15
error: GET en /api/users/fakeruser - at 21/5/2024 - 12:44:15
warning: POST en /api/users/register - at 21/5/2024 - 12:44:15
error: POST en /api/users/register - at 21/5/2024 - 12:44:15
warning: POST en /api/users/register - at 21/5/2024 - 12:44:15
error: POST en /api/users/register - at 21/5/2024 - 12:44:15
warning: POST en /api/users/register - at 21/5/2024 - 12:44:15
error: POST en /api/users/register - at 21/5/2024 - 12:44:15
warning: POST en /api/users/login - at 21/5/2024 - 12:44:15
error: POST en /api/users/login - at 21/5/2024 - 12:44:15
warning: POST en /api/users/login - at 21/5/2024 - 12:44:15
error: POST en /api/users/login - at 21/5/2024 - 12:44:15
warning: POST en /api/users/login - at 21/5/2024 - 12:44:15
error: POST en /api/users/login - at 21/5/2024 - 12:44:15
warning: POST en /api/users/login - at 21/5/2024 - 12:44:15
error: POST en /api/users/login - at 21/5/2024 - 12:44:15
warning: POST en /api/users/login - at 21/5/2024 - 12:44:15
error: POST en /api/users/login - at 21/5/2024 - 12:44:15
warning: POST en /api/users/login - at 21/5/2024 - 12:44:15
error: POST en /api/users/login - at 21/5/2024 - 12:44:15
warning: GET en /api/users/fakeruser - at 21/5/2024 - 12:44:15
error: GET en /api/users/fakeruser - at 21/5/2024 - 12:44:15
warning: GET en /api/users/fakeruser - at 21/5/2024 - 12:44:15
error: GET en /api/users/fakeruser - at 21/5/2024 - 12:44:15
warning: GET en /api/users/fakeruser - at 21/5/2024 - 12:44:15
error: GET en /api/users/fakeruser - at 21/5/2024 - 12:44:15
warning: GET en /api/users/fakeruser - at 21/5/2024 - 12:44:15
error: GET en /api/users/fakeruser - at 21/5/2024 - 12:44:15
warning: POST en /api/users/login - at 21/5/2024 - 12:44:16
error: POST en /api/users/login - at 21/5/2024 - 12:44:16
warning: POST en /api/users/login - at 21/5/2024 - 12:44:16
error: POST en /api/users/login - at 21/5/2024 - 12:44:16
warning: GET en /api/users/fakeruser - at 21/5/2024 - 12:44:16
error: GET en /api/users/fakeruser - at 21/5/2024 - 12:44:16
warning: GET en /api/users/fakeruser - at 21/5/2024 - 12:44:16
error: GET en /api/users/fakeruser - at 21/5/2024 - 12:44:16
warning: POST en /api/users/register - at 21/5/2024 - 12:44:16
error: POST en /api/users/register - at 21/5/2024 - 12:44:16
warning: POST en /api/users/register - at 21/5/2024 - 12:44:16
error: POST en /api/users/register - at 21/5/2024 - 12:44:16
warning: POST en /api/users/register - at 21/5/2024 - 12:44:16
error: POST en /api/users/register - at 21/5/2024 - 12:44:16
warning: POST en /api/users/register - at 21/5/2024 - 12:44:16
error: POST en /api/users/register - at 21/5/2024 - 12:44:16
warning: POST en /api/users/login - at 21/5/2024 - 12:44:16
error: POST en /api/users/login - at 21/5/2024 - 12:44:16
warning: GET en /api/users/fakeruser - at 21/5/2024 - 12:44:16
error: GET en /api/users/fakeruser - at 21/5/2024 - 12:44:16
warning: GET en /api/users/fakeruser - at 21/5/2024 - 12:44:16
error: GET en /api/users/fakeruser - at 21/5/2024 - 12:44:16
warning: GET en /api/users/fakeruser - at 21/5/2024 - 12:44:16
error: GET en /api/users/fakeruser - at 21/5/2024 - 12:44:16
warning: GET en /api/users/fakeruser - at 21/5/2024 - 12:44:16
error: GET en /api/users/fakeruser - at 21/5/2024 - 12:44:16
warning: POST en /api/users/register - at 21/5/2024 - 12:44:16
error: POST en /api/users/register - at 21/5/2024 - 12:44:16
warning: POST en /api/users/register - at 21/5/2024 - 12:44:16
error: POST en /api/users/register - at 21/5/2024 - 12:44:16
warning: POST en /api/users/login - at 21/5/2024 - 12:44:16
error: POST en /api/users/login - at 21/5/2024 - 12:44:16
warning: POST en /api/users/login - at 21/5/2024 - 12:44:16
error: POST en /api/users/login - at 21/5/2024 - 12:44:16
warning: POST en /api/users/login - at 21/5/2024 - 12:44:16
error: POST en /api/users/login - at 21/5/2024 - 12:44:16
warning: POST en /api/users/login - at 21/5/2024 - 12:44:16
error: POST en /api/users/login - at 21/5/2024 - 12:44:16
warning: POST en /api/users/login - at 21/5/2024 - 12:44:16
error: POST en /api/users/login - at 21/5/2024 - 12:44:16
warning: POST en /api/users/login - at 21/5/2024 - 12:44:16
error: POST en /api/users/login - at 21/5/2024 - 12:44:16
warning: POST en /api/users/login - at 21/5/2024 - 12:44:16
error: POST en /api/users/login - at 21/5/2024 - 12:44:16
warning: GET en /api/users/fakeruser - at 21/5/2024 - 12:44:16
error: GET en /api/users/fakeruser - at 21/5/2024 - 12:44:16
warning: GET en /api/users/fakeruser - at 21/5/2024 - 12:44:16
error: GET en /api/users/fakeruser - at 21/5/2024 - 12:44:16
warning: GET en /api/users/fakeruser - at 21/5/2024 - 12:44:16
error: GET en /api/users/fakeruser - at 21/5/2024 - 12:44:16
warning: GET en /api/users/fakeruser - at 21/5/2024 - 12:44:16
error: GET en /api/users/fakeruser - at 21/5/2024 - 12:44:16
warning: POST en /api/users/register - at 21/5/2024 - 12:44:16
error: POST en /api/users/register - at 21/5/2024 - 12:44:16
warning: POST en /api/users/register - at 21/5/2024 - 12:44:16
error: POST en /api/users/register - at 21/5/2024 - 12:44:16
warning: POST en /api/users/register - at 21/5/2024 - 12:44:16
error: POST en /api/users/register - at 21/5/2024 - 12:44:16
warning: POST en /api/users/register - at 21/5/2024 - 12:44:16
error: POST en /api/users/register - at 21/5/2024 - 12:44:16
warning: POST en /api/users/login - at 21/5/2024 - 12:44:16
error: POST en /api/users/login - at 21/5/2024 - 12:44:16
warning: GET en /api/users/fakeruser - at 21/5/2024 - 12:44:17
error: GET en /api/users/fakeruser - at 21/5/2024 - 12:44:17
warning: GET en /api/users/fakeruser - at 21/5/2024 - 12:44:17
error: GET en /api/users/fakeruser - at 21/5/2024 - 12:44:17
warning: GET en /api/users/fakeruser - at 21/5/2024 - 12:44:17
error: GET en /api/users/fakeruser - at 21/5/2024 - 12:44:17
warning: POST en /api/users/register - at 21/5/2024 - 12:44:17
error: POST en /api/users/register - at 21/5/2024 - 12:44:17
warning: POST en /api/users/register - at 21/5/2024 - 12:44:17
error: POST en /api/users/register - at 21/5/2024 - 12:44:17
warning: POST en /api/users/register - at 21/5/2024 - 12:44:17
error: POST en /api/users/register - at 21/5/2024 - 12:44:17
warning: POST en /api/users/register - at 21/5/2024 - 12:44:17
error: POST en /api/users/register - at 21/5/2024 - 12:44:17
warning: GET en /api/users/fakeruser - at 21/5/2024 - 12:44:17
error: GET en /api/users/fakeruser - at 21/5/2024 - 12:44:17
warning: GET en /api/users/fakeruser - at 21/5/2024 - 12:44:17
error: GET en /api/users/fakeruser - at 21/5/2024 - 12:44:17
warning: POST en /api/users/register - at 21/5/2024 - 12:44:17
error: POST en /api/users/register - at 21/5/2024 - 12:44:17
warning: POST en /api/users/register - at 21/5/2024 - 12:44:17
error: POST en /api/users/register - at 21/5/2024 - 12:44:17
warning: POST en /api/users/register - at 21/5/2024 - 12:44:17
error: POST en /api/users/register - at 21/5/2024 - 12:44:17
warning: POST en /api/users/login - at 21/5/2024 - 12:44:17
error: POST en /api/users/login - at 21/5/2024 - 12:44:17
warning: POST en /api/users/login - at 21/5/2024 - 12:44:17
error: POST en /api/users/login - at 21/5/2024 - 12:44:17
warning: POST en /api/users/login - at 21/5/2024 - 12:44:17
error: POST en /api/users/login - at 21/5/2024 - 12:44:17
warning: POST en /api/users/login - at 21/5/2024 - 12:44:17
error: POST en /api/users/login - at 21/5/2024 - 12:44:17
warning: POST en /api/users/login - at 21/5/2024 - 12:44:17
error: POST en /api/users/login - at 21/5/2024 - 12:44:17
warning: POST en /api/users/login - at 21/5/2024 - 12:44:17
error: POST en /api/users/login - at 21/5/2024 - 12:44:17
warning: GET en /api/users/fakeruser - at 21/5/2024 - 12:44:17
error: GET en /api/users/fakeruser - at 21/5/2024 - 12:44:17
warning: GET en /api/users/fakeruser - at 21/5/2024 - 12:44:17
error: GET en /api/users/fakeruser - at 21/5/2024 - 12:44:17
warning: GET en /api/users/fakeruser - at 21/5/2024 - 12:44:17
error: GET en /api/users/fakeruser - at 21/5/2024 - 12:44:17
warning: GET en /api/users/fakeruser - at 21/5/2024 - 12:44:17
error: GET en /api/users/fakeruser - at 21/5/2024 - 12:44:17
warning: GET en /api/users/fakeruser - at 21/5/2024 - 12:44:17
error: GET en /api/users/fakeruser - at 21/5/2024 - 12:44:17
warning: POST en /api/users/register - at 21/5/2024 - 12:44:17
error: POST en /api/users/register - at 21/5/2024 - 12:44:17
warning: POST en /api/users/register - at 21/5/2024 - 12:44:17
error: POST en /api/users/register - at 21/5/2024 - 12:44:17
warning: POST en /api/users/login - at 21/5/2024 - 12:44:17
error: POST en /api/users/login - at 21/5/2024 - 12:44:17
warning: POST en /api/users/login - at 21/5/2024 - 12:44:17
error: POST en /api/users/login - at 21/5/2024 - 12:44:17
warning: POST en /api/users/login - at 21/5/2024 - 12:44:17
error: POST en /api/users/login - at 21/5/2024 - 12:44:17
warning: POST en /api/users/register - at 21/5/2024 - 12:44:18
error: POST en /api/users/register - at 21/5/2024 - 12:44:18
warning: POST en /api/users/register - at 21/5/2024 - 12:44:18
error: POST en /api/users/register - at 21/5/2024 - 12:44:18
warning: POST en /api/users/register - at 21/5/2024 - 12:44:18
error: POST en /api/users/register - at 21/5/2024 - 12:44:18
warning: POST en /api/users/register - at 21/5/2024 - 12:44:18
error: POST en /api/users/register - at 21/5/2024 - 12:44:18
warning: POST en /api/users/register - at 21/5/2024 - 12:44:18
error: POST en /api/users/register - at 21/5/2024 - 12:44:18
warning: GET en /api/users/fakeruser - at 21/5/2024 - 12:44:18
error: GET en /api/users/fakeruser - at 21/5/2024 - 12:44:18
warning: GET en /api/users/fakeruser - at 21/5/2024 - 12:44:18
error: GET en /api/users/fakeruser - at 21/5/2024 - 12:44:18
warning: GET en /api/users/fakeruser - at 21/5/2024 - 12:44:18
error: GET en /api/users/fakeruser - at 21/5/2024 - 12:44:18
warning: GET en /api/users/fakeruser - at 21/5/2024 - 12:44:18
error: GET en /api/users/fakeruser - at 21/5/2024 - 12:44:18
warning: GET en /api/users/fakeruser - at 21/5/2024 - 12:44:18
error: GET en /api/users/fakeruser - at 21/5/2024 - 12:44:18
warning: GET en /api/users/fakeruser - at 21/5/2024 - 12:44:18
error: GET en /api/users/fakeruser - at 21/5/2024 - 12:44:18
warning: POST en /api/users/login - at 21/5/2024 - 12:44:18
error: POST en /api/users/login - at 21/5/2024 - 12:44:18
warning: POST en /api/users/login - at 21/5/2024 - 12:44:18
error: POST en /api/users/login - at 21/5/2024 - 12:44:18
warning: GET en /api/users/fakeruser - at 21/5/2024 - 12:44:18
error: GET en /api/users/fakeruser - at 21/5/2024 - 12:44:18
warning: GET en /api/users/fakeruser - at 21/5/2024 - 12:44:18
error: GET en /api/users/fakeruser - at 21/5/2024 - 12:44:18
warning: GET en /api/users/fakeruser - at 21/5/2024 - 12:44:18
error: GET en /api/users/fakeruser - at 21/5/2024 - 12:44:18
warning: GET en /api/users/fakeruser - at 21/5/2024 - 12:44:18
error: GET en /api/users/fakeruser - at 21/5/2024 - 12:44:18
warning: POST en /api/users/register - at 21/5/2024 - 12:44:18
error: POST en /api/users/register - at 21/5/2024 - 12:44:18
warning: POST en /api/users/register - at 21/5/2024 - 12:44:18
error: POST en /api/users/register - at 21/5/2024 - 12:44:18
warning: POST en /api/users/register - at 21/5/2024 - 12:44:18
error: POST en /api/users/register - at 21/5/2024 - 12:44:18
warning: POST en /api/users/register - at 21/5/2024 - 12:44:18
error: POST en /api/users/register - at 21/5/2024 - 12:44:18
warning: POST en /api/users/register - at 21/5/2024 - 12:44:18
error: POST en /api/users/register - at 21/5/2024 - 12:44:18
warning: POST en /api/users/register - at 21/5/2024 - 12:44:18
error: POST en /api/users/register - at 21/5/2024 - 12:44:18
warning: POST en /api/users/login - at 21/5/2024 - 12:44:19
error: POST en /api/users/login - at 21/5/2024 - 12:44:19
warning: POST en /api/users/login - at 21/5/2024 - 12:44:19
error: POST en /api/users/login - at 21/5/2024 - 12:44:19
warning: POST en /api/users/login - at 21/5/2024 - 12:44:19
error: POST en /api/users/login - at 21/5/2024 - 12:44:19
warning: POST en /api/users/login - at 21/5/2024 - 12:44:19
error: POST en /api/users/login - at 21/5/2024 - 12:44:19
warning: POST en /api/users/login - at 21/5/2024 - 12:44:19
error: POST en /api/users/login - at 21/5/2024 - 12:44:19
warning: GET en /api/users/fakeruser - at 21/5/2024 - 12:44:19
error: GET en /api/users/fakeruser - at 21/5/2024 - 12:44:19
warning: POST en /api/users/register - at 21/5/2024 - 12:44:19
error: POST en /api/users/register - at 21/5/2024 - 12:44:19
warning: POST en /api/users/register - at 21/5/2024 - 12:44:19
error: POST en /api/users/register - at 21/5/2024 - 12:44:19
warning: POST en /api/users/register - at 21/5/2024 - 12:44:19
error: POST en /api/users/register - at 21/5/2024 - 12:44:19
warning: POST en /api/users/register - at 21/5/2024 - 12:44:19
error: POST en /api/users/register - at 21/5/2024 - 12:44:19
warning: GET en /api/users/fakeruser - at 21/5/2024 - 12:44:19
error: GET en /api/users/fakeruser - at 21/5/2024 - 12:44:19
warning: GET en /api/users/fakeruser - at 21/5/2024 - 12:44:19
error: GET en /api/users/fakeruser - at 21/5/2024 - 12:44:19
warning: GET en /api/users/fakeruser - at 21/5/2024 - 12:44:19
error: GET en /api/users/fakeruser - at 21/5/2024 - 12:44:19
warning: GET en /api/users/fakeruser - at 21/5/2024 - 12:44:19
error: GET en /api/users/fakeruser - at 21/5/2024 - 12:44:19
warning: GET en /api/users/fakeruser - at 21/5/2024 - 12:44:19
error: GET en /api/users/fakeruser - at 21/5/2024 - 12:44:19
warning: POST en /api/users/register - at 21/5/2024 - 12:44:19
error: POST en /api/users/register - at 21/5/2024 - 12:44:19
warning: POST en /api/users/login - at 21/5/2024 - 12:44:19
error: POST en /api/users/login - at 21/5/2024 - 12:44:19
warning: POST en /api/users/login - at 21/5/2024 - 12:44:19
error: POST en /api/users/login - at 21/5/2024 - 12:44:19
warning: POST en /api/users/login - at 21/5/2024 - 12:44:19
error: POST en /api/users/login - at 21/5/2024 - 12:44:19
warning: GET en /api/users/fakeruser - at 21/5/2024 - 12:44:19
error: GET en /api/users/fakeruser - at 21/5/2024 - 12:44:19
warning: GET en /api/users/fakeruser - at 21/5/2024 - 12:44:19
error: GET en /api/users/fakeruser - at 21/5/2024 - 12:44:19
warning: GET en /api/users/fakeruser - at 21/5/2024 - 12:44:19
error: GET en /api/users/fakeruser - at 21/5/2024 - 12:44:19
warning: GET en /api/users/fakeruser - at 21/5/2024 - 12:44:19
error: GET en /api/users/fakeruser - at 21/5/2024 - 12:44:19
warning: POST en /api/users/register - at 21/5/2024 - 12:44:19
error: POST en /api/users/register - at 21/5/2024 - 12:44:19
warning: POST en /api/users/register - at 21/5/2024 - 12:44:19
error: POST en /api/users/register - at 21/5/2024 - 12:44:19
warning: POST en /api/users/register - at 21/5/2024 - 12:44:19
error: POST en /api/users/register - at 21/5/2024 - 12:44:19
warning: POST en /api/users/register - at 21/5/2024 - 12:44:19
error: POST en /api/users/register - at 21/5/2024 - 12:44:19
warning: POST en /api/users/register - at 21/5/2024 - 12:44:19
error: POST en /api/users/register - at 21/5/2024 - 12:44:19
warning: POST en /api/users/login - at 21/5/2024 - 12:44:20
error: POST en /api/users/login - at 21/5/2024 - 12:44:20
warning: POST en /api/users/login - at 21/5/2024 - 12:44:20
error: POST en /api/users/login - at 21/5/2024 - 12:44:20
warning: POST en /api/users/login - at 21/5/2024 - 12:44:20
error: POST en /api/users/login - at 21/5/2024 - 12:44:20
warning: POST en /api/users/login - at 21/5/2024 - 12:44:20
error: POST en /api/users/login - at 21/5/2024 - 12:44:20
warning: POST en /api/users/login - at 21/5/2024 - 12:44:20
error: POST en /api/users/login - at 21/5/2024 - 12:44:20
warning: POST en /api/users/login - at 21/5/2024 - 12:44:20
error: POST en /api/users/login - at 21/5/2024 - 12:44:20
warning: GET en /api/users/fakeruser - at 21/5/2024 - 12:44:20
error: GET en /api/users/fakeruser - at 21/5/2024 - 12:44:20
warning: GET en /api/users/fakeruser - at 21/5/2024 - 12:44:20
error: GET en /api/users/fakeruser - at 21/5/2024 - 12:44:20
warning: GET en /api/users/fakeruser - at 21/5/2024 - 12:44:20
error: GET en /api/users/fakeruser - at 21/5/2024 - 12:44:20
warning: GET en /api/users/fakeruser - at 21/5/2024 - 12:44:20
error: GET en /api/users/fakeruser - at 21/5/2024 - 12:44:20
warning: POST en /api/users/register - at 21/5/2024 - 12:44:20
error: POST en /api/users/register - at 21/5/2024 - 12:44:20
warning: POST en /api/users/register - at 21/5/2024 - 12:44:20
error: POST en /api/users/register - at 21/5/2024 - 12:44:20
warning: POST en /api/users/register - at 21/5/2024 - 12:44:20
error: POST en /api/users/register - at 21/5/2024 - 12:44:20
warning: POST en /api/users/register - at 21/5/2024 - 12:44:20
error: POST en /api/users/register - at 21/5/2024 - 12:44:20
warning: GET en /api/users/fakeruser - at 21/5/2024 - 12:44:20
error: GET en /api/users/fakeruser - at 21/5/2024 - 12:44:20
warning: GET en /api/users/fakeruser - at 21/5/2024 - 12:44:20
error: GET en /api/users/fakeruser - at 21/5/2024 - 12:44:20
warning: GET en /api/users/fakeruser - at 21/5/2024 - 12:44:20
error: GET en /api/users/fakeruser - at 21/5/2024 - 12:44:20
warning: POST en /api/users/register - at 21/5/2024 - 12:44:20
error: POST en /api/users/register - at 21/5/2024 - 12:44:20
warning: POST en /api/users/register - at 21/5/2024 - 12:44:20
error: POST en /api/users/register - at 21/5/2024 - 12:44:20
warning: POST en /api/users/register - at 21/5/2024 - 12:44:20
error: POST en /api/users/register - at 21/5/2024 - 12:44:20
warning: POST en /api/users/register - at 21/5/2024 - 12:44:20
error: POST en /api/users/register - at 21/5/2024 - 12:44:20
warning: POST en /api/users/register - at 21/5/2024 - 12:44:20
error: POST en /api/users/register - at 21/5/2024 - 12:44:20
warning: POST en /api/users/register - at 21/5/2024 - 12:44:20
error: POST en /api/users/register - at 21/5/2024 - 12:44:20
warning: POST en /api/users/register - at 21/5/2024 - 12:44:20
error: POST en /api/users/register - at 21/5/2024 - 12:44:20
warning: GET en /api/users/fakeruser - at 21/5/2024 - 12:44:21
error: GET en /api/users/fakeruser - at 21/5/2024 - 12:44:21
warning: GET en /api/users/fakeruser - at 21/5/2024 - 12:44:21
error: GET en /api/users/fakeruser - at 21/5/2024 - 12:44:21
warning: GET en /api/users/fakeruser - at 21/5/2024 - 12:44:21
error: GET en /api/users/fakeruser - at 21/5/2024 - 12:44:21
warning: POST en /api/users/login - at 21/5/2024 - 12:44:21
error: POST en /api/users/login - at 21/5/2024 - 12:44:21
warning: POST en /api/users/login - at 21/5/2024 - 12:44:21
error: POST en /api/users/login - at 21/5/2024 - 12:44:21
warning: POST en /api/users/login - at 21/5/2024 - 12:44:21
error: POST en /api/users/login - at 21/5/2024 - 12:44:21
warning: POST en /api/users/login - at 21/5/2024 - 12:44:21
error: POST en /api/users/login - at 21/5/2024 - 12:44:21
warning: POST en /api/users/login - at 21/5/2024 - 12:44:21
error: POST en /api/users/login - at 21/5/2024 - 12:44:21
warning: GET en /api/users/fakeruser - at 21/5/2024 - 12:44:21
error: GET en /api/users/fakeruser - at 21/5/2024 - 12:44:21
warning: GET en /api/users/fakeruser - at 21/5/2024 - 12:44:21
error: GET en /api/users/fakeruser - at 21/5/2024 - 12:44:21
warning: GET en /api/users/fakeruser - at 21/5/2024 - 12:44:21
error: GET en /api/users/fakeruser - at 21/5/2024 - 12:44:21
warning: GET en /api/users/fakeruser - at 21/5/2024 - 12:44:21
error: GET en /api/users/fakeruser - at 21/5/2024 - 12:44:21
warning: GET en /api/users/fakeruser - at 21/5/2024 - 12:44:21
error: GET en /api/users/fakeruser - at 21/5/2024 - 12:44:21
warning: GET en /api/users/fakeruser - at 21/5/2024 - 12:44:21
error: GET en /api/users/fakeruser - at 21/5/2024 - 12:44:21
warning: POST en /api/users/register - at 21/5/2024 - 12:44:21
error: POST en /api/users/register - at 21/5/2024 - 12:44:21
warning: POST en /api/users/register - at 21/5/2024 - 12:44:21
error: POST en /api/users/register - at 21/5/2024 - 12:44:21
warning: POST en /api/users/register - at 21/5/2024 - 12:44:21
error: POST en /api/users/register - at 21/5/2024 - 12:44:21
warning: POST en /api/users/login - at 21/5/2024 - 12:44:21
error: POST en /api/users/login - at 21/5/2024 - 12:44:21
warning: POST en /api/users/login - at 21/5/2024 - 12:44:21
error: POST en /api/users/login - at 21/5/2024 - 12:44:21
warning: POST en /api/users/login - at 21/5/2024 - 12:44:21
error: POST en /api/users/login - at 21/5/2024 - 12:44:21
warning: POST en /api/users/login - at 21/5/2024 - 12:44:21
error: POST en /api/users/login - at 21/5/2024 - 12:44:21
warning: POST en /api/users/login - at 21/5/2024 - 12:44:21
error: POST en /api/users/login - at 21/5/2024 - 12:44:21
warning: GET en /api/users/fakeruser - at 21/5/2024 - 12:44:21
error: GET en /api/users/fakeruser - at 21/5/2024 - 12:44:21
warning: GET en /api/users/fakeruser - at 21/5/2024 - 12:44:21
error: GET en /api/users/fakeruser - at 21/5/2024 - 12:44:21
warning: GET en /api/users/fakeruser - at 21/5/2024 - 12:44:21
error: GET en /api/users/fakeruser - at 21/5/2024 - 12:44:21
warning: GET en /api/users/fakeruser - at 21/5/2024 - 12:44:21
error: GET en /api/users/fakeruser - at 21/5/2024 - 12:44:21
warning: POST en /api/users/register - at 21/5/2024 - 12:44:21
error: POST en /api/users/register - at 21/5/2024 - 12:44:21
warning: POST en /api/users/register - at 21/5/2024 - 12:44:21
error: POST en /api/users/register - at 21/5/2024 - 12:44:21
warning: POST en /api/users/register - at 21/5/2024 - 12:44:21
error: POST en /api/users/register - at 21/5/2024 - 12:44:21
warning: POST en /api/users/register - at 21/5/2024 - 12:44:21
error: POST en /api/users/register - at 21/5/2024 - 12:44:21
warning: POST en /api/users/register - at 21/5/2024 - 12:44:21
error: POST en /api/users/register - at 21/5/2024 - 12:44:21
warning: POST en /api/users/register - at 21/5/2024 - 12:44:21
error: POST en /api/users/register - at 21/5/2024 - 12:44:21
warning: POST en /api/users/register - at 21/5/2024 - 12:44:21
error: POST en /api/users/register - at 21/5/2024 - 12:44:21
warning: POST en /api/users/register - at 21/5/2024 - 12:44:21
error: POST en /api/users/register - at 21/5/2024 - 12:44:21
warning: POST en /api/users/register - at 21/5/2024 - 12:44:21
error: POST en /api/users/register - at 21/5/2024 - 12:44:21
warning: POST en /api/users/register - at 21/5/2024 - 12:44:21
error: POST en /api/users/register - at 21/5/2024 - 12:44:21
warning: POST en /api/users/login - at 21/5/2024 - 12:44:22
error: POST en /api/users/login - at 21/5/2024 - 12:44:22
warning: POST en /api/users/login - at 21/5/2024 - 12:44:22
error: POST en /api/users/login - at 21/5/2024 - 12:44:22
warning: POST en /api/users/login - at 21/5/2024 - 12:44:22
error: POST en /api/users/login - at 21/5/2024 - 12:44:22
warning: POST en /api/users/login - at 21/5/2024 - 12:44:22
error: POST en /api/users/login - at 21/5/2024 - 12:44:22
warning: POST en /api/users/login - at 21/5/2024 - 12:44:22
error: POST en /api/users/login - at 21/5/2024 - 12:44:22
warning: POST en /api/users/login - at 21/5/2024 - 12:44:22
error: POST en /api/users/login - at 21/5/2024 - 12:44:22
warning: POST en /api/users/login - at 21/5/2024 - 12:44:22
error: POST en /api/users/login - at 21/5/2024 - 12:44:22
warning: POST en /api/users/login - at 21/5/2024 - 12:44:22
error: POST en /api/users/login - at 21/5/2024 - 12:44:22
warning: POST en /api/users/login - at 21/5/2024 - 12:44:22
error: POST en /api/users/login - at 21/5/2024 - 12:44:22
warning: POST en /api/users/login - at 21/5/2024 - 12:44:22
error: POST en /api/users/login - at 21/5/2024 - 12:44:22
warning: GET en /api/users/fakeruser - at 21/5/2024 - 12:44:22
error: GET en /api/users/fakeruser - at 21/5/2024 - 12:44:22
warning: POST en /api/users/login - at 21/5/2024 - 12:44:23
error: POST en /api/users/login - at 21/5/2024 - 12:44:23
warning: POST en /api/users/login - at 21/5/2024 - 12:44:23
error: POST en /api/users/login - at 21/5/2024 - 12:44:23
warning: POST en /api/users/login - at 21/5/2024 - 12:44:23
error: POST en /api/users/login - at 21/5/2024 - 12:44:23
warning: POST en /api/users/login - at 21/5/2024 - 12:44:23
error: POST en /api/users/login - at 21/5/2024 - 12:44:23
warning: GET en /api/users/fakeruser - at 21/5/2024 - 12:44:23
error: GET en /api/users/fakeruser - at 21/5/2024 - 12:44:23
warning: GET en /api/users/fakeruser - at 21/5/2024 - 12:44:23
error: GET en /api/users/fakeruser - at 21/5/2024 - 12:44:23
warning: GET en /api/users/fakeruser - at 21/5/2024 - 12:44:23
error: GET en /api/users/fakeruser - at 21/5/2024 - 12:44:23
warning: GET en /api/users/fakeruser - at 21/5/2024 - 12:44:23
error: GET en /api/users/fakeruser - at 21/5/2024 - 12:44:23
warning: GET en /api/users/fakeruser - at 21/5/2024 - 12:44:23
error: GET en /api/users/fakeruser - at 21/5/2024 - 12:44:23
warning: GET en /api/users/fakeruser - at 21/5/2024 - 12:44:23
error: GET en /api/users/fakeruser - at 21/5/2024 - 12:44:23
warning: GET en /api/users/fakeruser - at 21/5/2024 - 12:44:23
error: GET en /api/users/fakeruser - at 21/5/2024 - 12:44:23
warning: GET en /api/users/fakeruser - at 21/5/2024 - 12:44:23
error: GET en /api/users/fakeruser - at 21/5/2024 - 12:44:23
warning: GET en /api/users/fakeruser - at 21/5/2024 - 12:44:23
error: GET en /api/users/fakeruser - at 21/5/2024 - 12:44:23
warning: POST en /api/users/register - at 21/5/2024 - 12:44:23
error: POST en /api/users/register - at 21/5/2024 - 12:44:23
warning: GET en /api/users/fakeruser - at 21/5/2024 - 12:44:23
error: GET en /api/users/fakeruser - at 21/5/2024 - 12:44:23
warning: GET en /api/users/fakeruser - at 21/5/2024 - 12:44:23
error: GET en /api/users/fakeruser - at 21/5/2024 - 12:44:23
warning: GET en /api/users/fakeruser - at 21/5/2024 - 12:44:23
error: GET en /api/users/fakeruser - at 21/5/2024 - 12:44:23
warning: GET en /api/users/fakeruser - at 21/5/2024 - 12:44:23
error: GET en /api/users/fakeruser - at 21/5/2024 - 12:44:23
warning: POST en /api/users/register - at 21/5/2024 - 12:44:23
error: POST en /api/users/register - at 21/5/2024 - 12:44:23
warning: POST en /api/users/register - at 21/5/2024 - 12:44:23
error: POST en /api/users/register - at 21/5/2024 - 12:44:23
warning: POST en /api/users/register - at 21/5/2024 - 12:44:23
error: POST en /api/users/register - at 21/5/2024 - 12:44:23
warning: POST en /api/users/register - at 21/5/2024 - 12:44:23
error: POST en /api/users/register - at 21/5/2024 - 12:44:23
warning: POST en /api/users/register - at 21/5/2024 - 12:44:23
error: POST en /api/users/register - at 21/5/2024 - 12:44:23
warning: POST en /api/users/register - at 21/5/2024 - 12:44:23
error: POST en /api/users/register - at 21/5/2024 - 12:44:23
warning: POST en /api/users/register - at 21/5/2024 - 12:44:23
error: POST en /api/users/register - at 21/5/2024 - 12:44:23
warning: POST en /api/users/register - at 21/5/2024 - 12:44:23
error: POST en /api/users/register - at 21/5/2024 - 12:44:23
warning: POST en /api/users/register - at 21/5/2024 - 12:44:23
error: POST en /api/users/register - at 21/5/2024 - 12:44:23
warning: GET en /api/users/fakeruser - at 21/5/2024 - 12:44:23
error: GET en /api/users/fakeruser - at 21/5/2024 - 12:44:23
warning: POST en /api/users/register - at 21/5/2024 - 12:44:23
error: POST en /api/users/register - at 21/5/2024 - 12:44:23
warning: POST en /api/users/register - at 21/5/2024 - 12:44:23
error: POST en /api/users/register - at 21/5/2024 - 12:44:23
warning: POST en /api/users/register - at 21/5/2024 - 12:44:23
error: POST en /api/users/register - at 21/5/2024 - 12:44:23
warning: POST en /api/users/register - at 21/5/2024 - 12:44:23
error: POST en /api/users/register - at 21/5/2024 - 12:44:23
warning: POST en /api/users/register - at 21/5/2024 - 12:44:23
error: POST en /api/users/register - at 21/5/2024 - 12:44:23
warning: GET en /api/users/fakeruser - at 21/5/2024 - 12:44:23
error: GET en /api/users/fakeruser - at 21/5/2024 - 12:44:23
warning: GET en /api/users/fakeruser - at 21/5/2024 - 12:44:23
error: GET en /api/users/fakeruser - at 21/5/2024 - 12:44:23
warning: GET en /api/users/fakeruser - at 21/5/2024 - 12:44:23
error: GET en /api/users/fakeruser - at 21/5/2024 - 12:44:23
warning: GET en /api/users/fakeruser - at 21/5/2024 - 12:44:23
error: GET en /api/users/fakeruser - at 21/5/2024 - 12:44:23
warning: POST en /api/users/login - at 21/5/2024 - 12:44:24
error: POST en /api/users/login - at 21/5/2024 - 12:44:24
warning: POST en /api/users/login - at 21/5/2024 - 12:44:24
error: POST en /api/users/login - at 21/5/2024 - 12:44:24
warning: POST en /api/users/login - at 21/5/2024 - 12:44:24
error: POST en /api/users/login - at 21/5/2024 - 12:44:24
warning: POST en /api/users/login - at 21/5/2024 - 12:44:24
error: POST en /api/users/login - at 21/5/2024 - 12:44:24
warning: POST en /api/users/login - at 21/5/2024 - 12:44:24
error: POST en /api/users/login - at 21/5/2024 - 12:44:24
warning: POST en /api/users/login - at 21/5/2024 - 12:44:24
error: POST en /api/users/login - at 21/5/2024 - 12:44:24
warning: GET en /api/users/fakeruser - at 21/5/2024 - 12:44:24
error: GET en /api/users/fakeruser - at 21/5/2024 - 12:44:24
warning: GET en /api/users/fakeruser - at 21/5/2024 - 12:44:24
error: GET en /api/users/fakeruser - at 21/5/2024 - 12:44:24
warning: GET en /api/users/fakeruser - at 21/5/2024 - 12:44:24
error: GET en /api/users/fakeruser - at 21/5/2024 - 12:44:24
warning: POST en /api/users/register - at 21/5/2024 - 12:44:24
error: POST en /api/users/register - at 21/5/2024 - 12:44:24
warning: POST en /api/users/register - at 21/5/2024 - 12:44:24
error: POST en /api/users/register - at 21/5/2024 - 12:44:24
warning: POST en /api/users/register - at 21/5/2024 - 12:44:24
error: POST en /api/users/register - at 21/5/2024 - 12:44:24
warning: POST en /api/users/register - at 21/5/2024 - 12:44:24
error: POST en /api/users/register - at 21/5/2024 - 12:44:24
warning: POST en /api/users/login - at 21/5/2024 - 12:44:24
error: POST en /api/users/login - at 21/5/2024 - 12:44:24
warning: POST en /api/users/login - at 21/5/2024 - 12:44:24
error: POST en /api/users/login - at 21/5/2024 - 12:44:24
warning: POST en /api/users/login - at 21/5/2024 - 12:44:24
error: POST en /api/users/login - at 21/5/2024 - 12:44:24
warning: POST en /api/users/login - at 21/5/2024 - 12:44:24
error: POST en /api/users/login - at 21/5/2024 - 12:44:24
warning: GET en /api/users/fakeruser - at 21/5/2024 - 12:44:24
error: GET en /api/users/fakeruser - at 21/5/2024 - 12:44:24
warning: GET en /api/users/fakeruser - at 21/5/2024 - 12:44:24
error: GET en /api/users/fakeruser - at 21/5/2024 - 12:44:24
warning: GET en /api/users/fakeruser - at 21/5/2024 - 12:44:24
error: GET en /api/users/fakeruser - at 21/5/2024 - 12:44:24
warning: GET en /api/users/fakeruser - at 21/5/2024 - 12:44:24
error: GET en /api/users/fakeruser - at 21/5/2024 - 12:44:24
warning: GET en /api/users/fakeruser - at 21/5/2024 - 12:44:24
error: GET en /api/users/fakeruser - at 21/5/2024 - 12:44:24
warning: GET en /api/users/fakeruser - at 21/5/2024 - 12:44:24
error: GET en /api/users/fakeruser - at 21/5/2024 - 12:44:24
warning: GET en /api/users/fakeruser - at 21/5/2024 - 12:44:24
error: GET en /api/users/fakeruser - at 21/5/2024 - 12:44:24
warning: GET en /api/users/fakeruser - at 21/5/2024 - 12:44:24
error: GET en /api/users/fakeruser - at 21/5/2024 - 12:44:24
warning: POST en /api/users/register - at 21/5/2024 - 12:44:24
error: POST en /api/users/register - at 21/5/2024 - 12:44:24
warning: POST en /api/users/register - at 21/5/2024 - 12:44:24
error: POST en /api/users/register - at 21/5/2024 - 12:44:24
warning: POST en /api/users/register - at 21/5/2024 - 12:44:24
error: POST en /api/users/register - at 21/5/2024 - 12:44:24
warning: POST en /api/users/login - at 21/5/2024 - 12:44:24
error: POST en /api/users/login - at 21/5/2024 - 12:44:24
warning: POST en /api/users/login - at 21/5/2024 - 12:44:24
error: POST en /api/users/login - at 21/5/2024 - 12:44:24
warning: GET en /api/users/fakeruser - at 21/5/2024 - 12:44:25
error: GET en /api/users/fakeruser - at 21/5/2024 - 12:44:25
warning: GET en /api/users/fakeruser - at 21/5/2024 - 12:44:25
error: GET en /api/users/fakeruser - at 21/5/2024 - 12:44:25
warning: POST en /api/users/register - at 21/5/2024 - 12:44:25
error: POST en /api/users/register - at 21/5/2024 - 12:44:25
warning: POST en /api/users/register - at 21/5/2024 - 12:44:25
error: POST en /api/users/register - at 21/5/2024 - 12:44:25
warning: POST en /api/users/register - at 21/5/2024 - 12:44:25
error: POST en /api/users/register - at 21/5/2024 - 12:44:25
warning: POST en /api/users/register - at 21/5/2024 - 12:44:25
error: POST en /api/users/register - at 21/5/2024 - 12:44:25
warning: POST en /api/users/register - at 21/5/2024 - 12:44:25
error: POST en /api/users/register - at 21/5/2024 - 12:44:25
warning: POST en /api/users/register - at 21/5/2024 - 12:44:25
error: POST en /api/users/register - at 21/5/2024 - 12:44:25
warning: POST en /api/users/register - at 21/5/2024 - 12:44:25
error: POST en /api/users/register - at 21/5/2024 - 12:44:25
warning: POST en /api/users/register - at 21/5/2024 - 12:44:25
error: POST en /api/users/register - at 21/5/2024 - 12:44:25
warning: POST en /api/users/login - at 21/5/2024 - 12:44:25
error: POST en /api/users/login - at 21/5/2024 - 12:44:25
warning: POST en /api/users/login - at 21/5/2024 - 12:44:25
error: POST en /api/users/login - at 21/5/2024 - 12:44:25
warning: POST en /api/users/login - at 21/5/2024 - 12:44:25
error: POST en /api/users/login - at 21/5/2024 - 12:44:25
warning: POST en /api/users/login - at 21/5/2024 - 12:44:25
error: POST en /api/users/login - at 21/5/2024 - 12:44:25
warning: POST en /api/users/login - at 21/5/2024 - 12:44:25
error: POST en /api/users/login - at 21/5/2024 - 12:44:25
warning: GET en /api/users/fakeruser - at 21/5/2024 - 12:44:25
error: GET en /api/users/fakeruser - at 21/5/2024 - 12:44:25
warning: GET en /api/users/fakeruser - at 21/5/2024 - 12:44:25
error: GET en /api/users/fakeruser - at 21/5/2024 - 12:44:25
warning: GET en /api/users/fakeruser - at 21/5/2024 - 12:44:25
error: GET en /api/users/fakeruser - at 21/5/2024 - 12:44:25
warning: GET en /api/users/fakeruser - at 21/5/2024 - 12:44:25
error: GET en /api/users/fakeruser - at 21/5/2024 - 12:44:25
warning: GET en /api/users/fakeruser - at 21/5/2024 - 12:44:25
error: GET en /api/users/fakeruser - at 21/5/2024 - 12:44:25
warning: POST en /api/users/register - at 21/5/2024 - 12:44:25
error: POST en /api/users/register - at 21/5/2024 - 12:44:25
warning: POST en /api/users/register - at 21/5/2024 - 12:44:25
error: POST en /api/users/register - at 21/5/2024 - 12:44:25
warning: POST en /api/users/login - at 21/5/2024 - 12:44:25
error: POST en /api/users/login - at 21/5/2024 - 12:44:25
warning: POST en /api/users/login - at 21/5/2024 - 12:44:25
error: POST en /api/users/login - at 21/5/2024 - 12:44:25
warning: POST en /api/users/login - at 21/5/2024 - 12:44:25
error: POST en /api/users/login - at 21/5/2024 - 12:44:25
warning: POST en /api/users/login - at 21/5/2024 - 12:44:25
error: POST en /api/users/login - at 21/5/2024 - 12:44:25
warning: POST en /api/users/login - at 21/5/2024 - 12:44:25
error: POST en /api/users/login - at 21/5/2024 - 12:44:25
warning: POST en /api/users/login - at 21/5/2024 - 12:44:25
error: POST en /api/users/login - at 21/5/2024 - 12:44:25
warning: GET en /api/users/fakeruser - at 21/5/2024 - 12:44:26
error: GET en /api/users/fakeruser - at 21/5/2024 - 12:44:26
warning: GET en /api/users/fakeruser - at 21/5/2024 - 12:44:26
error: GET en /api/users/fakeruser - at 21/5/2024 - 12:44:26
warning: GET en /api/users/fakeruser - at 21/5/2024 - 12:44:26
error: GET en /api/users/fakeruser - at 21/5/2024 - 12:44:26
warning: POST en /api/users/register - at 21/5/2024 - 12:44:26
error: POST en /api/users/register - at 21/5/2024 - 12:44:26
warning: POST en /api/users/register - at 21/5/2024 - 12:44:26
error: POST en /api/users/register - at 21/5/2024 - 12:44:26
warning: POST en /api/users/register - at 21/5/2024 - 12:44:26
error: POST en /api/users/register - at 21/5/2024 - 12:44:26
warning: POST en /api/users/register - at 21/5/2024 - 12:44:26
error: POST en /api/users/register - at 21/5/2024 - 12:44:26
warning: POST en /api/users/register - at 21/5/2024 - 12:44:26
error: POST en /api/users/register - at 21/5/2024 - 12:44:26
warning: POST en /api/users/login - at 21/5/2024 - 12:44:26
error: POST en /api/users/login - at 21/5/2024 - 12:44:26
warning: POST en /api/users/login - at 21/5/2024 - 12:44:26
error: POST en /api/users/login - at 21/5/2024 - 12:44:26
warning: POST en /api/users/login - at 21/5/2024 - 12:44:26
error: POST en /api/users/login - at 21/5/2024 - 12:44:26
warning: POST en /api/users/login - at 21/5/2024 - 12:44:26
error: POST en /api/users/login - at 21/5/2024 - 12:44:26
warning: POST en /api/users/register - at 21/5/2024 - 12:44:26
error: POST en /api/users/register - at 21/5/2024 - 12:44:26
warning: POST en /api/users/register - at 21/5/2024 - 12:44:26
error: POST en /api/users/register - at 21/5/2024 - 12:44:26
warning: POST en /api/users/register - at 21/5/2024 - 12:44:26
error: POST en /api/users/register - at 21/5/2024 - 12:44:26
warning: POST en /api/users/login - at 21/5/2024 - 12:44:26
error: POST en /api/users/login - at 21/5/2024 - 12:44:26
warning: POST en /api/users/login - at 21/5/2024 - 12:44:27
error: POST en /api/users/login - at 21/5/2024 - 12:44:27
warning: POST en /api/users/login - at 21/5/2024 - 12:44:27
error: POST en /api/users/login - at 21/5/2024 - 12:44:27
warning: POST en /api/users/login - at 21/5/2024 - 12:44:27
error: POST en /api/users/login - at 21/5/2024 - 12:44:27
warning: POST en /api/users/login - at 21/5/2024 - 12:44:27
error: POST en /api/users/login - at 21/5/2024 - 12:44:27
warning: POST en /api/users/login - at 21/5/2024 - 12:44:27
error: POST en /api/users/login - at 21/5/2024 - 12:44:27
warning: POST en /api/users/login - at 21/5/2024 - 12:44:27
error: POST en /api/users/login - at 21/5/2024 - 12:44:27
warning: POST en /api/users/login - at 21/5/2024 - 12:44:27
error: POST en /api/users/login - at 21/5/2024 - 12:44:27
warning: POST en /api/users/login - at 21/5/2024 - 12:44:27
error: POST en /api/users/login - at 21/5/2024 - 12:44:27
warning: POST en /api/users/login - at 21/5/2024 - 12:44:27
error: POST en /api/users/login - at 21/5/2024 - 12:44:27
warning: POST en /api/users/login - at 21/5/2024 - 12:44:27
error: POST en /api/users/login - at 21/5/2024 - 12:44:27
warning: POST en /api/users/login - at 21/5/2024 - 12:44:28
error: POST en /api/users/login - at 21/5/2024 - 12:44:28
warning: POST en /api/users/login - at 21/5/2024 - 12:44:28
error: POST en /api/users/login - at 21/5/2024 - 12:44:28
warning: POST en /api/users/login - at 21/5/2024 - 12:44:28
error: POST en /api/users/login - at 21/5/2024 - 12:44:28
warning: POST en /api/users/login - at 21/5/2024 - 12:44:28
error: POST en /api/users/login - at 21/5/2024 - 12:44:28
warning: POST en /api/users/login - at 21/5/2024 - 12:44:28
error: POST en /api/users/login - at 21/5/2024 - 12:44:28
warning: POST en /api/users/login - at 21/5/2024 - 12:44:28
error: POST en /api/users/login - at 21/5/2024 - 12:44:28
warning: POST en /api/users/login - at 21/5/2024 - 12:44:28
error: POST en /api/users/login - at 21/5/2024 - 12:44:28
warning: POST en /api/users/login - at 21/5/2024 - 12:44:28
error: POST en /api/users/login - at 21/5/2024 - 12:44:28
warning: POST en /api/users/login - at 21/5/2024 - 12:44:28
error: POST en /api/users/login - at 21/5/2024 - 12:44:28
warning: POST en /api/users/login - at 21/5/2024 - 12:44:29
error: POST en /api/users/login - at 21/5/2024 - 12:44:29
warning: POST en /api/users/login - at 21/5/2024 - 12:44:29
error: POST en /api/users/login - at 21/5/2024 - 12:44:29
warning: POST en /api/users/login - at 21/5/2024 - 12:44:29
error: POST en /api/users/login - at 21/5/2024 - 12:44:29
warning: POST en /api/users/login - at 21/5/2024 - 12:44:29
error: POST en /api/users/login - at 21/5/2024 - 12:44:29
warning: POST en /api/users/login - at 21/5/2024 - 12:44:29
error: POST en /api/users/login - at 21/5/2024 - 12:44:29
warning: POST en /api/users/login - at 21/5/2024 - 12:44:29
error: POST en /api/users/login - at 21/5/2024 - 12:44:29
warning: POST en /api/users/login - at 21/5/2024 - 12:44:30
error: POST en /api/users/login - at 21/5/2024 - 12:44:30
warning: POST en /api/users/login - at 21/5/2024 - 12:44:30
error: POST en /api/users/login - at 21/5/2024 - 12:44:30
warning: POST en /api/users/login - at 21/5/2024 - 12:44:30
error: POST en /api/users/login - at 21/5/2024 - 12:44:30
warning: POST en /api/users/login - at 21/5/2024 - 12:44:30
error: POST en /api/users/login - at 21/5/2024 - 12:44:30
warning: POST en /api/users/login - at 21/5/2024 - 12:44:30
error: POST en /api/users/login - at 21/5/2024 - 12:44:30
warning: POST en /api/users/login - at 21/5/2024 - 12:44:30
error: POST en /api/users/login - at 21/5/2024 - 12:44:30
warning: POST en /api/users/login - at 21/5/2024 - 12:44:30
error: POST en /api/users/login - at 21/5/2024 - 12:44:30
warning: POST en /api/users/login - at 21/5/2024 - 12:44:30
error: POST en /api/users/login - at 21/5/2024 - 12:44:30
warning: POST en /api/users/login - at 21/5/2024 - 12:44:30
error: POST en /api/users/login - at 21/5/2024 - 12:44:30
warning: POST en /api/users/login - at 21/5/2024 - 12:44:30
error: POST en /api/users/login - at 21/5/2024 - 12:44:30
warning: POST en /api/users/login - at 21/5/2024 - 12:44:30
error: POST en /api/users/login - at 21/5/2024 - 12:44:30
warning: POST en /api/users/login - at 21/5/2024 - 12:44:30
error: POST en /api/users/login - at 21/5/2024 - 12:44:30
warning: POST en /api/users/login - at 21/5/2024 - 12:44:30
error: POST en /api/users/login - at 21/5/2024 - 12:44:30
warning: POST en /api/users/login - at 21/5/2024 - 12:44:30
error: POST en /api/users/login - at 21/5/2024 - 12:44:30
warning: POST en /api/users/login - at 21/5/2024 - 12:44:30
error: POST en /api/users/login - at 21/5/2024 - 12:44:30
warning: POST en /api/users/login - at 21/5/2024 - 12:44:30
error: POST en /api/users/login - at 21/5/2024 - 12:44:30
warning: POST en /api/users/login - at 21/5/2024 - 12:44:30
error: POST en /api/users/login - at 21/5/2024 - 12:44:30
warning: POST en /api/users/login - at 21/5/2024 - 12:44:30
error: POST en /api/users/login - at 21/5/2024 - 12:44:30
warning: POST en /api/users/login - at 21/5/2024 - 12:44:30
error: POST en /api/users/login - at 21/5/2024 - 12:44:30
warning: POST en /api/users/login - at 21/5/2024 - 12:44:30
error: POST en /api/users/login - at 21/5/2024 - 12:44:30
warning: POST en /api/users/login - at 21/5/2024 - 12:44:30
error: POST en /api/users/login - at 21/5/2024 - 12:44:30
warning: POST en /api/users/login - at 21/5/2024 - 12:44:30
error: POST en /api/users/login - at 21/5/2024 - 12:44:30
warning: POST en /api/users/login - at 21/5/2024 - 12:44:30
error: POST en /api/users/login - at 21/5/2024 - 12:44:30
warning: POST en /api/users/login - at 21/5/2024 - 12:44:30
error: POST en /api/users/login - at 21/5/2024 - 12:44:30
warning: POST en /api/users/login - at 21/5/2024 - 12:44:30
error: POST en /api/users/login - at 21/5/2024 - 12:44:30
warning: POST en /api/users/login - at 21/5/2024 - 12:44:31
error: POST en /api/users/login - at 21/5/2024 - 12:44:31
warning: POST en /api/users/login - at 21/5/2024 - 12:44:31
error: POST en /api/users/login - at 21/5/2024 - 12:44:31
warning: POST en /api/users/login - at 21/5/2024 - 12:44:31
error: POST en /api/users/login - at 21/5/2024 - 12:44:31
warning: POST en /api/users/login - at 21/5/2024 - 12:44:31
error: POST en /api/users/login - at 21/5/2024 - 12:44:31
